DEB [20180718-14:50:35.676] thr=1   paramiko.transport: starting thread (client mode): 0x6369710L
DEB [20180718-14:50:35.677] thr=1   paramiko.transport: starting thread (client mode): 0x6369610L
DEB [20180718-14:50:35.678] thr=1   paramiko.transport: Local version/idstring: SSH-2.0-paramiko_2.4.0
DEB [20180718-14:50:35.678] thr=1   paramiko.transport: Local version/idstring: SSH-2.0-paramiko_2.4.0
DEB [20180718-14:50:35.689] thr=1   paramiko.transport: Remote version/idstring: SSH-2.0-OpenSSH_7.2p2 Ubuntu-4ubuntu2.4
DEB [20180718-14:50:35.689] thr=1   paramiko.transport: Remote version/idstring: SSH-2.0-OpenSSH_7.2p2 Ubuntu-4ubuntu2.4
INF [20180718-14:50:35.690] thr=1   paramiko.transport: Connected (version 2.0, client OpenSSH_7.2p2)
INF [20180718-14:50:35.690] thr=1   paramiko.transport: Connected (version 2.0, client OpenSSH_7.2p2)
DEB [20180718-14:50:35.691] thr=1   paramiko.transport: kex algos:[u'curve25519-sha256@libssh.org', u'ecdh-sha2-nistp256', u'ecdh-sha2-nistp384', u'ecdh-sha2-nistp521', u'diffie-hellman-group-exchange-sha256', u'diffie-hellman-group14-sha1'] server key:[u'ssh-rsa', u'rsa-sha2-512', u'rsa-sha2-256', u'ecdsa-sha2-nistp256', u'ssh-ed25519'] client encrypt:[u'chacha20-poly1305@openssh.com', u'aes128-ctr', u'aes192-ctr', u'aes256-ctr', u'aes128-gcm@openssh.com', u'aes256-gcm@openssh.com'] server encrypt:[u'chacha20-poly1305@openssh.com', u'aes128-ctr', u'aes192-ctr', u'aes256-ctr', u'aes128-gcm@openssh.com', u'aes256-gcm@openssh.com'] client mac:[u'umac-64-etm@openssh.com', u'umac-128-etm@openssh.com', u'hmac-sha2-256-etm@openssh.com', u'hmac-sha2-512-etm@openssh.com', u'hmac-sha1-etm@openssh.com', u'umac-64@openssh.com', u'umac-128@openssh.com', u'hmac-sha2-256', u'hmac-sha2-512', u'hmac-sha1'] server mac:[u'umac-64-etm@openssh.com', u'umac-128-etm@openssh.com', u'hmac-sha2-256-etm@openssh.com', u'hmac-sha2-512-etm@openssh.com', u'hmac-sha1-etm@openssh.com', u'umac-64@openssh.com', u'umac-128@openssh.com', u'hmac-sha2-256', u'hmac-sha2-512', u'hmac-sha1'] client compress:[u'none', u'zlib@openssh.com'] server compress:[u'none', u'zlib@openssh.com'] client lang:[u''] server lang:[u''] kex follows?False
DEB [20180718-14:50:35.691] thr=1   paramiko.transport: kex algos:[u'curve25519-sha256@libssh.org', u'ecdh-sha2-nistp256', u'ecdh-sha2-nistp384', u'ecdh-sha2-nistp521', u'diffie-hellman-group-exchange-sha256', u'diffie-hellman-group14-sha1'] server key:[u'ssh-rsa', u'rsa-sha2-512', u'rsa-sha2-256', u'ecdsa-sha2-nistp256', u'ssh-ed25519'] client encrypt:[u'chacha20-poly1305@openssh.com', u'aes128-ctr', u'aes192-ctr', u'aes256-ctr', u'aes128-gcm@openssh.com', u'aes256-gcm@openssh.com'] server encrypt:[u'chacha20-poly1305@openssh.com', u'aes128-ctr', u'aes192-ctr', u'aes256-ctr', u'aes128-gcm@openssh.com', u'aes256-gcm@openssh.com'] client mac:[u'umac-64-etm@openssh.com', u'umac-128-etm@openssh.com', u'hmac-sha2-256-etm@openssh.com', u'hmac-sha2-512-etm@openssh.com', u'hmac-sha1-etm@openssh.com', u'umac-64@openssh.com', u'umac-128@openssh.com', u'hmac-sha2-256', u'hmac-sha2-512', u'hmac-sha1'] server mac:[u'umac-64-etm@openssh.com', u'umac-128-etm@openssh.com', u'hmac-sha2-256-etm@openssh.com', u'hmac-sha2-512-etm@openssh.com', u'hmac-sha1-etm@openssh.com', u'umac-64@openssh.com', u'umac-128@openssh.com', u'hmac-sha2-256', u'hmac-sha2-512', u'hmac-sha1'] client compress:[u'none', u'zlib@openssh.com'] server compress:[u'none', u'zlib@openssh.com'] client lang:[u''] server lang:[u''] kex follows?False
DEB [20180718-14:50:35.691] thr=1   paramiko.transport: Kex agreed: ecdh-sha2-nistp256
DEB [20180718-14:50:35.691] thr=1   paramiko.transport: Kex agreed: ecdh-sha2-nistp256
DEB [20180718-14:50:35.691] thr=1   paramiko.transport: HostKey agreed: ecdsa-sha2-nistp256
DEB [20180718-14:50:35.691] thr=1   paramiko.transport: HostKey agreed: ecdsa-sha2-nistp256
DEB [20180718-14:50:35.691] thr=1   paramiko.transport: Cipher agreed: aes128-ctr
DEB [20180718-14:50:35.692] thr=1   paramiko.transport: Cipher agreed: aes128-ctr
DEB [20180718-14:50:35.692] thr=1   paramiko.transport: MAC agreed: hmac-sha2-256
DEB [20180718-14:50:35.692] thr=1   paramiko.transport: MAC agreed: hmac-sha2-256
DEB [20180718-14:50:35.692] thr=1   paramiko.transport: Compression agreed: none
DEB [20180718-14:50:35.692] thr=1   paramiko.transport: Compression agreed: none
DEB [20180718-14:50:35.740] thr=1   paramiko.transport: kex engine KexNistp256 specified hash_algo <built-in function openssl_sha256>
DEB [20180718-14:50:35.740] thr=1   paramiko.transport: kex engine KexNistp256 specified hash_algo <built-in function openssl_sha256>
DEB [20180718-14:50:35.741] thr=1   paramiko.transport: Switch to new keys ...
DEB [20180718-14:50:35.741] thr=1   paramiko.transport: Switch to new keys ...
DEB [20180718-14:50:35.785] thr=1   paramiko.transport: userauth is OK
DEB [20180718-14:50:35.787] thr=1   paramiko.transport: userauth is OK
INF [20180718-14:50:35.806] thr=1   paramiko.transport: Authentication (password) successful!
INF [20180718-14:50:35.807] thr=1   paramiko.transport: Authentication (password) successful!
DEB [20180718-14:50:35.810] thr=2   paramiko.transport: [chan 0] Max packet in: 32768 bytes
DEB [20180718-14:50:35.810] thr=2   paramiko.transport: [chan 0] Max packet in: 32768 bytes
DEB [20180718-14:50:35.875] thr=1   paramiko.transport: Received global request "hostkeys-00@openssh.com"
DEB [20180718-14:50:35.876] thr=1   paramiko.transport: Rejecting "hostkeys-00@openssh.com" global request from server.
DEB [20180718-14:50:35.876] thr=1   paramiko.transport: [chan 0] Max packet out: 32768 bytes
DEB [20180718-14:50:35.876] thr=1   paramiko.transport: Secsh channel 0 opened.
DEB [20180718-14:50:35.877] thr=1   paramiko.transport: Received global request "hostkeys-00@openssh.com"
DEB [20180718-14:50:35.877] thr=1   paramiko.transport: Rejecting "hostkeys-00@openssh.com" global request from server.
DEB [20180718-14:50:35.878] thr=1   paramiko.transport: [chan 0] Max packet out: 32768 bytes
DEB [20180718-14:50:35.878] thr=1   paramiko.transport: Secsh channel 0 opened.
DEB [20180718-14:50:35.879] thr=1   paramiko.transport: [chan 0] Sesch channel 0 request ok
DEB [20180718-14:50:35.914] thr=1   paramiko.transport: [chan 0] Sesch channel 0 request ok
DEB [20180718-14:52:45.281] thr=1   paramiko.transport: EOF in transport thread
DEB [20180718-14:52:45.833] thr=1   paramiko.transport: EOF in transport thread
DEB [20180718-14:53:12.530] thr=1   paramiko.transport: starting thread (client mode): 0x128cd790L
DEB [20180718-14:53:12.531] thr=1   paramiko.transport: starting thread (client mode): 0x128cd890L
DEB [20180718-14:53:12.532] thr=1   paramiko.transport: Local version/idstring: SSH-2.0-paramiko_2.4.0
DEB [20180718-14:53:12.532] thr=1   paramiko.transport: Local version/idstring: SSH-2.0-paramiko_2.4.0
DEB [20180718-14:53:12.541] thr=1   paramiko.transport: Remote version/idstring: SSH-2.0-OpenSSH_7.2p2 Ubuntu-4ubuntu2.4
DEB [20180718-14:53:12.541] thr=1   paramiko.transport: Remote version/idstring: SSH-2.0-OpenSSH_7.2p2 Ubuntu-4ubuntu2.4
INF [20180718-14:53:12.541] thr=1   paramiko.transport: Connected (version 2.0, client OpenSSH_7.2p2)
INF [20180718-14:53:12.541] thr=1   paramiko.transport: Connected (version 2.0, client OpenSSH_7.2p2)
DEB [20180718-14:53:12.542] thr=1   paramiko.transport: kex algos:[u'curve25519-sha256@libssh.org', u'ecdh-sha2-nistp256', u'ecdh-sha2-nistp384', u'ecdh-sha2-nistp521', u'diffie-hellman-group-exchange-sha256', u'diffie-hellman-group14-sha1'] server key:[u'ssh-rsa', u'rsa-sha2-512', u'rsa-sha2-256', u'ecdsa-sha2-nistp256', u'ssh-ed25519'] client encrypt:[u'chacha20-poly1305@openssh.com', u'aes128-ctr', u'aes192-ctr', u'aes256-ctr', u'aes128-gcm@openssh.com', u'aes256-gcm@openssh.com'] server encrypt:[u'chacha20-poly1305@openssh.com', u'aes128-ctr', u'aes192-ctr', u'aes256-ctr', u'aes128-gcm@openssh.com', u'aes256-gcm@openssh.com'] client mac:[u'umac-64-etm@openssh.com', u'umac-128-etm@openssh.com', u'hmac-sha2-256-etm@openssh.com', u'hmac-sha2-512-etm@openssh.com', u'hmac-sha1-etm@openssh.com', u'umac-64@openssh.com', u'umac-128@openssh.com', u'hmac-sha2-256', u'hmac-sha2-512', u'hmac-sha1'] server mac:[u'umac-64-etm@openssh.com', u'umac-128-etm@openssh.com', u'hmac-sha2-256-etm@openssh.com', u'hmac-sha2-512-etm@openssh.com', u'hmac-sha1-etm@openssh.com', u'umac-64@openssh.com', u'umac-128@openssh.com', u'hmac-sha2-256', u'hmac-sha2-512', u'hmac-sha1'] client compress:[u'none', u'zlib@openssh.com'] server compress:[u'none', u'zlib@openssh.com'] client lang:[u''] server lang:[u''] kex follows?False
DEB [20180718-14:53:12.542] thr=1   paramiko.transport: kex algos:[u'curve25519-sha256@libssh.org', u'ecdh-sha2-nistp256', u'ecdh-sha2-nistp384', u'ecdh-sha2-nistp521', u'diffie-hellman-group-exchange-sha256', u'diffie-hellman-group14-sha1'] server key:[u'ssh-rsa', u'rsa-sha2-512', u'rsa-sha2-256', u'ecdsa-sha2-nistp256', u'ssh-ed25519'] client encrypt:[u'chacha20-poly1305@openssh.com', u'aes128-ctr', u'aes192-ctr', u'aes256-ctr', u'aes128-gcm@openssh.com', u'aes256-gcm@openssh.com'] server encrypt:[u'chacha20-poly1305@openssh.com', u'aes128-ctr', u'aes192-ctr', u'aes256-ctr', u'aes128-gcm@openssh.com', u'aes256-gcm@openssh.com'] client mac:[u'umac-64-etm@openssh.com', u'umac-128-etm@openssh.com', u'hmac-sha2-256-etm@openssh.com', u'hmac-sha2-512-etm@openssh.com', u'hmac-sha1-etm@openssh.com', u'umac-64@openssh.com', u'umac-128@openssh.com', u'hmac-sha2-256', u'hmac-sha2-512', u'hmac-sha1'] server mac:[u'umac-64-etm@openssh.com', u'umac-128-etm@openssh.com', u'hmac-sha2-256-etm@openssh.com', u'hmac-sha2-512-etm@openssh.com', u'hmac-sha1-etm@openssh.com', u'umac-64@openssh.com', u'umac-128@openssh.com', u'hmac-sha2-256', u'hmac-sha2-512', u'hmac-sha1'] client compress:[u'none', u'zlib@openssh.com'] server compress:[u'none', u'zlib@openssh.com'] client lang:[u''] server lang:[u''] kex follows?False
DEB [20180718-14:53:12.543] thr=1   paramiko.transport: Kex agreed: ecdh-sha2-nistp256
DEB [20180718-14:53:12.543] thr=1   paramiko.transport: Kex agreed: ecdh-sha2-nistp256
DEB [20180718-14:53:12.543] thr=1   paramiko.transport: HostKey agreed: ecdsa-sha2-nistp256
DEB [20180718-14:53:12.543] thr=1   paramiko.transport: HostKey agreed: ecdsa-sha2-nistp256
DEB [20180718-14:53:12.544] thr=1   paramiko.transport: Cipher agreed: aes128-ctr
DEB [20180718-14:53:12.544] thr=1   paramiko.transport: Cipher agreed: aes128-ctr
DEB [20180718-14:53:12.544] thr=1   paramiko.transport: MAC agreed: hmac-sha2-256
DEB [20180718-14:53:12.544] thr=1   paramiko.transport: MAC agreed: hmac-sha2-256
DEB [20180718-14:53:12.544] thr=1   paramiko.transport: Compression agreed: none
DEB [20180718-14:53:12.544] thr=1   paramiko.transport: Compression agreed: none
DEB [20180718-14:53:12.591] thr=1   paramiko.transport: kex engine KexNistp256 specified hash_algo <built-in function openssl_sha256>
DEB [20180718-14:53:12.592] thr=1   paramiko.transport: Switch to new keys ...
DEB [20180718-14:53:12.593] thr=1   paramiko.transport: kex engine KexNistp256 specified hash_algo <built-in function openssl_sha256>
DEB [20180718-14:53:12.593] thr=1   paramiko.transport: Switch to new keys ...
DEB [20180718-14:53:12.636] thr=1   paramiko.transport: userauth is OK
DEB [20180718-14:53:12.636] thr=1   paramiko.transport: userauth is OK
INF [20180718-14:53:12.659] thr=1   paramiko.transport: Authentication (password) successful!
INF [20180718-14:53:12.659] thr=1   paramiko.transport: Authentication (password) successful!
DEB [20180718-14:53:12.666] thr=2   paramiko.transport: [chan 0] Max packet in: 32768 bytes
DEB [20180718-14:53:12.666] thr=2   paramiko.transport: [chan 0] Max packet in: 32768 bytes
DEB [20180718-14:53:12.718] thr=1   paramiko.transport: Received global request "hostkeys-00@openssh.com"
DEB [20180718-14:53:12.718] thr=1   paramiko.transport: Rejecting "hostkeys-00@openssh.com" global request from server.
DEB [20180718-14:53:12.719] thr=1   paramiko.transport: [chan 0] Max packet out: 32768 bytes
DEB [20180718-14:53:12.719] thr=1   paramiko.transport: Secsh channel 0 opened.
DEB [20180718-14:53:12.725] thr=1   paramiko.transport: Received global request "hostkeys-00@openssh.com"
DEB [20180718-14:53:12.726] thr=1   paramiko.transport: Rejecting "hostkeys-00@openssh.com" global request from server.
DEB [20180718-14:53:12.726] thr=1   paramiko.transport: [chan 0] Max packet out: 32768 bytes
DEB [20180718-14:53:12.727] thr=1   paramiko.transport: Secsh channel 0 opened.
DEB [20180718-14:53:12.737] thr=1   paramiko.transport: [chan 0] Sesch channel 0 request ok
DEB [20180718-14:53:12.737] thr=1   paramiko.transport: [chan 0] Sesch channel 0 request ok
DEB [20180718-14:54:37.870] thr=1   paramiko.transport: EOF in transport thread
DEB [20180718-14:54:38.726] thr=1   paramiko.transport: [chan 0] EOF received (0)
DEB [20180718-14:59:58.366] thr=1   paramiko.transport: starting thread (client mode): 0x1218f790L
DEB [20180718-14:59:58.366] thr=1   paramiko.transport: starting thread (client mode): 0x1218f890L
DEB [20180718-14:59:58.367] thr=1   paramiko.transport: Local version/idstring: SSH-2.0-paramiko_2.4.0
DEB [20180718-14:59:58.367] thr=1   paramiko.transport: Local version/idstring: SSH-2.0-paramiko_2.4.0
DEB [20180718-14:59:58.375] thr=1   paramiko.transport: Remote version/idstring: SSH-2.0-OpenSSH_7.2p2 Ubuntu-4ubuntu2.4
INF [20180718-14:59:58.376] thr=1   paramiko.transport: Connected (version 2.0, client OpenSSH_7.2p2)
DEB [20180718-14:59:58.376] thr=1   paramiko.transport: Remote version/idstring: SSH-2.0-OpenSSH_7.2p2 Ubuntu-4ubuntu2.4
INF [20180718-14:59:58.376] thr=1   paramiko.transport: Connected (version 2.0, client OpenSSH_7.2p2)
DEB [20180718-14:59:58.377] thr=1   paramiko.transport: kex algos:[u'curve25519-sha256@libssh.org', u'ecdh-sha2-nistp256', u'ecdh-sha2-nistp384', u'ecdh-sha2-nistp521', u'diffie-hellman-group-exchange-sha256', u'diffie-hellman-group14-sha1'] server key:[u'ssh-rsa', u'rsa-sha2-512', u'rsa-sha2-256', u'ecdsa-sha2-nistp256', u'ssh-ed25519'] client encrypt:[u'chacha20-poly1305@openssh.com', u'aes128-ctr', u'aes192-ctr', u'aes256-ctr', u'aes128-gcm@openssh.com', u'aes256-gcm@openssh.com'] server encrypt:[u'chacha20-poly1305@openssh.com', u'aes128-ctr', u'aes192-ctr', u'aes256-ctr', u'aes128-gcm@openssh.com', u'aes256-gcm@openssh.com'] client mac:[u'umac-64-etm@openssh.com', u'umac-128-etm@openssh.com', u'hmac-sha2-256-etm@openssh.com', u'hmac-sha2-512-etm@openssh.com', u'hmac-sha1-etm@openssh.com', u'umac-64@openssh.com', u'umac-128@openssh.com', u'hmac-sha2-256', u'hmac-sha2-512', u'hmac-sha1'] server mac:[u'umac-64-etm@openssh.com', u'umac-128-etm@openssh.com', u'hmac-sha2-256-etm@openssh.com', u'hmac-sha2-512-etm@openssh.com', u'hmac-sha1-etm@openssh.com', u'umac-64@openssh.com', u'umac-128@openssh.com', u'hmac-sha2-256', u'hmac-sha2-512', u'hmac-sha1'] client compress:[u'none', u'zlib@openssh.com'] server compress:[u'none', u'zlib@openssh.com'] client lang:[u''] server lang:[u''] kex follows?False
DEB [20180718-14:59:58.377] thr=1   paramiko.transport: Kex agreed: ecdh-sha2-nistp256
DEB [20180718-14:59:58.377] thr=1   paramiko.transport: kex algos:[u'curve25519-sha256@libssh.org', u'ecdh-sha2-nistp256', u'ecdh-sha2-nistp384', u'ecdh-sha2-nistp521', u'diffie-hellman-group-exchange-sha256', u'diffie-hellman-group14-sha1'] server key:[u'ssh-rsa', u'rsa-sha2-512', u'rsa-sha2-256', u'ecdsa-sha2-nistp256', u'ssh-ed25519'] client encrypt:[u'chacha20-poly1305@openssh.com', u'aes128-ctr', u'aes192-ctr', u'aes256-ctr', u'aes128-gcm@openssh.com', u'aes256-gcm@openssh.com'] server encrypt:[u'chacha20-poly1305@openssh.com', u'aes128-ctr', u'aes192-ctr', u'aes256-ctr', u'aes128-gcm@openssh.com', u'aes256-gcm@openssh.com'] client mac:[u'umac-64-etm@openssh.com', u'umac-128-etm@openssh.com', u'hmac-sha2-256-etm@openssh.com', u'hmac-sha2-512-etm@openssh.com', u'hmac-sha1-etm@openssh.com', u'umac-64@openssh.com', u'umac-128@openssh.com', u'hmac-sha2-256', u'hmac-sha2-512', u'hmac-sha1'] server mac:[u'umac-64-etm@openssh.com', u'umac-128-etm@openssh.com', u'hmac-sha2-256-etm@openssh.com', u'hmac-sha2-512-etm@openssh.com', u'hmac-sha1-etm@openssh.com', u'umac-64@openssh.com', u'umac-128@openssh.com', u'hmac-sha2-256', u'hmac-sha2-512', u'hmac-sha1'] client compress:[u'none', u'zlib@openssh.com'] server compress:[u'none', u'zlib@openssh.com'] client lang:[u''] server lang:[u''] kex follows?False
DEB [20180718-14:59:58.377] thr=1   paramiko.transport: HostKey agreed: ecdsa-sha2-nistp256
DEB [20180718-14:59:58.378] thr=1   paramiko.transport: Kex agreed: ecdh-sha2-nistp256
DEB [20180718-14:59:58.378] thr=1   paramiko.transport: Cipher agreed: aes128-ctr
DEB [20180718-14:59:58.378] thr=1   paramiko.transport: HostKey agreed: ecdsa-sha2-nistp256
DEB [20180718-14:59:58.378] thr=1   paramiko.transport: MAC agreed: hmac-sha2-256
DEB [20180718-14:59:58.378] thr=1   paramiko.transport: Cipher agreed: aes128-ctr
DEB [20180718-14:59:58.378] thr=1   paramiko.transport: Compression agreed: none
DEB [20180718-14:59:58.378] thr=1   paramiko.transport: MAC agreed: hmac-sha2-256
DEB [20180718-14:59:58.379] thr=1   paramiko.transport: Compression agreed: none
DEB [20180718-14:59:58.425] thr=1   paramiko.transport: kex engine KexNistp256 specified hash_algo <built-in function openssl_sha256>
DEB [20180718-14:59:58.426] thr=1   paramiko.transport: Switch to new keys ...
DEB [20180718-14:59:58.427] thr=1   paramiko.transport: kex engine KexNistp256 specified hash_algo <built-in function openssl_sha256>
DEB [20180718-14:59:58.427] thr=1   paramiko.transport: Switch to new keys ...
DEB [20180718-14:59:58.468] thr=1   paramiko.transport: userauth is OK
DEB [20180718-14:59:58.470] thr=1   paramiko.transport: userauth is OK
INF [20180718-14:59:58.484] thr=1   paramiko.transport: Authentication (password) successful!
INF [20180718-14:59:58.485] thr=1   paramiko.transport: Authentication (password) successful!
DEB [20180718-14:59:58.499] thr=2   paramiko.transport: [chan 0] Max packet in: 32768 bytes
DEB [20180718-14:59:58.499] thr=2   paramiko.transport: [chan 0] Max packet in: 32768 bytes
DEB [20180718-14:59:58.547] thr=1   paramiko.transport: Received global request "hostkeys-00@openssh.com"
DEB [20180718-14:59:58.547] thr=1   paramiko.transport: Received global request "hostkeys-00@openssh.com"
DEB [20180718-14:59:58.547] thr=1   paramiko.transport: Rejecting "hostkeys-00@openssh.com" global request from server.
DEB [20180718-14:59:58.547] thr=1   paramiko.transport: Rejecting "hostkeys-00@openssh.com" global request from server.
DEB [20180718-14:59:58.548] thr=1   paramiko.transport: [chan 0] Max packet out: 32768 bytes
DEB [20180718-14:59:58.548] thr=1   paramiko.transport: [chan 0] Max packet out: 32768 bytes
DEB [20180718-14:59:58.548] thr=1   paramiko.transport: Secsh channel 0 opened.
DEB [20180718-14:59:58.548] thr=1   paramiko.transport: Secsh channel 0 opened.
DEB [20180718-14:59:58.568] thr=1   paramiko.transport: [chan 0] Sesch channel 0 request ok
DEB [20180718-14:59:58.568] thr=1   paramiko.transport: [chan 0] Sesch channel 0 request ok
DEB [20180718-15:08:08.138] thr=1   paramiko.transport: starting thread (client mode): 0x13ba6710L
DEB [20180718-15:08:08.139] thr=1   paramiko.transport: starting thread (client mode): 0x13ba6790L
DEB [20180718-15:08:08.139] thr=1   paramiko.transport: starting thread (client mode): 0x13ba6810L
DEB [20180718-15:08:08.139] thr=1   paramiko.transport: starting thread (client mode): 0x13ba6890L
DEB [20180718-15:08:08.140] thr=1   paramiko.transport: Local version/idstring: SSH-2.0-paramiko_2.4.0
DEB [20180718-15:08:08.140] thr=1   paramiko.transport: Local version/idstring: SSH-2.0-paramiko_2.4.0
DEB [20180718-15:08:08.140] thr=1   paramiko.transport: Local version/idstring: SSH-2.0-paramiko_2.4.0
DEB [20180718-15:08:08.140] thr=1   paramiko.transport: Local version/idstring: SSH-2.0-paramiko_2.4.0
DEB [20180718-15:08:08.150] thr=1   paramiko.transport: Remote version/idstring: SSH-2.0-OpenSSH_7.2p2 Ubuntu-4ubuntu2.4
DEB [20180718-15:08:08.150] thr=1   paramiko.transport: Remote version/idstring: SSH-2.0-OpenSSH_7.2p2 Ubuntu-4ubuntu2.4
INF [20180718-15:08:08.151] thr=1   paramiko.transport: Connected (version 2.0, client OpenSSH_7.2p2)
INF [20180718-15:08:08.151] thr=1   paramiko.transport: Connected (version 2.0, client OpenSSH_7.2p2)
DEB [20180718-15:08:08.153] thr=1   paramiko.transport: kex algos:[u'curve25519-sha256@libssh.org', u'ecdh-sha2-nistp256', u'ecdh-sha2-nistp384', u'ecdh-sha2-nistp521', u'diffie-hellman-group-exchange-sha256', u'diffie-hellman-group14-sha1'] server key:[u'ssh-rsa', u'rsa-sha2-512', u'rsa-sha2-256', u'ecdsa-sha2-nistp256', u'ssh-ed25519'] client encrypt:[u'chacha20-poly1305@openssh.com', u'aes128-ctr', u'aes192-ctr', u'aes256-ctr', u'aes128-gcm@openssh.com', u'aes256-gcm@openssh.com'] server encrypt:[u'chacha20-poly1305@openssh.com', u'aes128-ctr', u'aes192-ctr', u'aes256-ctr', u'aes128-gcm@openssh.com', u'aes256-gcm@openssh.com'] client mac:[u'umac-64-etm@openssh.com', u'umac-128-etm@openssh.com', u'hmac-sha2-256-etm@openssh.com', u'hmac-sha2-512-etm@openssh.com', u'hmac-sha1-etm@openssh.com', u'umac-64@openssh.com', u'umac-128@openssh.com', u'hmac-sha2-256', u'hmac-sha2-512', u'hmac-sha1'] server mac:[u'umac-64-etm@openssh.com', u'umac-128-etm@openssh.com', u'hmac-sha2-256-etm@openssh.com', u'hmac-sha2-512-etm@openssh.com', u'hmac-sha1-etm@openssh.com', u'umac-64@openssh.com', u'umac-128@openssh.com', u'hmac-sha2-256', u'hmac-sha2-512', u'hmac-sha1'] client compress:[u'none', u'zlib@openssh.com'] server compress:[u'none', u'zlib@openssh.com'] client lang:[u''] server lang:[u''] kex follows?False
DEB [20180718-15:08:08.153] thr=1   paramiko.transport: kex algos:[u'curve25519-sha256@libssh.org', u'ecdh-sha2-nistp256', u'ecdh-sha2-nistp384', u'ecdh-sha2-nistp521', u'diffie-hellman-group-exchange-sha256', u'diffie-hellman-group14-sha1'] server key:[u'ssh-rsa', u'rsa-sha2-512', u'rsa-sha2-256', u'ecdsa-sha2-nistp256', u'ssh-ed25519'] client encrypt:[u'chacha20-poly1305@openssh.com', u'aes128-ctr', u'aes192-ctr', u'aes256-ctr', u'aes128-gcm@openssh.com', u'aes256-gcm@openssh.com'] server encrypt:[u'chacha20-poly1305@openssh.com', u'aes128-ctr', u'aes192-ctr', u'aes256-ctr', u'aes128-gcm@openssh.com', u'aes256-gcm@openssh.com'] client mac:[u'umac-64-etm@openssh.com', u'umac-128-etm@openssh.com', u'hmac-sha2-256-etm@openssh.com', u'hmac-sha2-512-etm@openssh.com', u'hmac-sha1-etm@openssh.com', u'umac-64@openssh.com', u'umac-128@openssh.com', u'hmac-sha2-256', u'hmac-sha2-512', u'hmac-sha1'] server mac:[u'umac-64-etm@openssh.com', u'umac-128-etm@openssh.com', u'hmac-sha2-256-etm@openssh.com', u'hmac-sha2-512-etm@openssh.com', u'hmac-sha1-etm@openssh.com', u'umac-64@openssh.com', u'umac-128@openssh.com', u'hmac-sha2-256', u'hmac-sha2-512', u'hmac-sha1'] client compress:[u'none', u'zlib@openssh.com'] server compress:[u'none', u'zlib@openssh.com'] client lang:[u''] server lang:[u''] kex follows?False
DEB [20180718-15:08:08.153] thr=1   paramiko.transport: Kex agreed: ecdh-sha2-nistp256
DEB [20180718-15:08:08.153] thr=1   paramiko.transport: Kex agreed: ecdh-sha2-nistp256
DEB [20180718-15:08:08.154] thr=1   paramiko.transport: HostKey agreed: ecdsa-sha2-nistp256
DEB [20180718-15:08:08.154] thr=1   paramiko.transport: HostKey agreed: ecdsa-sha2-nistp256
DEB [20180718-15:08:08.154] thr=1   paramiko.transport: Cipher agreed: aes128-ctr
DEB [20180718-15:08:08.154] thr=1   paramiko.transport: Cipher agreed: aes128-ctr
DEB [20180718-15:08:08.154] thr=1   paramiko.transport: MAC agreed: hmac-sha2-256
DEB [20180718-15:08:08.154] thr=1   paramiko.transport: MAC agreed: hmac-sha2-256
DEB [20180718-15:08:08.155] thr=1   paramiko.transport: Compression agreed: none
DEB [20180718-15:08:08.155] thr=1   paramiko.transport: Compression agreed: none
DEB [20180718-15:08:08.161] thr=1   paramiko.transport: Remote version/idstring: SSH-2.0-OpenSSH_7.6p1 Ubuntu-4
INF [20180718-15:08:08.162] thr=1   paramiko.transport: Connected (version 2.0, client OpenSSH_7.6p1)
DEB [20180718-15:08:08.164] thr=1   paramiko.transport: kex algos:[u'curve25519-sha256', u'curve25519-sha256@libssh.org', u'ecdh-sha2-nistp256', u'ecdh-sha2-nistp384', u'ecdh-sha2-nistp521', u'diffie-hellman-group-exchange-sha256', u'diffie-hellman-group16-sha512', u'diffie-hellman-group18-sha512', u'diffie-hellman-group14-sha256', u'diffie-hellman-group14-sha1'] server key:[u'ssh-rsa', u'rsa-sha2-512', u'rsa-sha2-256', u'ecdsa-sha2-nistp256', u'ssh-ed25519'] client encrypt:[u'chacha20-poly1305@openssh.com', u'aes128-ctr', u'aes192-ctr', u'aes256-ctr', u'aes128-gcm@openssh.com', u'aes256-gcm@openssh.com'] server encrypt:[u'chacha20-poly1305@openssh.com', u'aes128-ctr', u'aes192-ctr', u'aes256-ctr', u'aes128-gcm@openssh.com', u'aes256-gcm@openssh.com'] client mac:[u'umac-64-etm@openssh.com', u'umac-128-etm@openssh.com', u'hmac-sha2-256-etm@openssh.com', u'hmac-sha2-512-etm@openssh.com', u'hmac-sha1-etm@openssh.com', u'umac-64@openssh.com', u'umac-128@openssh.com', u'hmac-sha2-256', u'hmac-sha2-512', u'hmac-sha1'] server mac:[u'umac-64-etm@openssh.com', u'umac-128-etm@openssh.com', u'hmac-sha2-256-etm@openssh.com', u'hmac-sha2-512-etm@openssh.com', u'hmac-sha1-etm@openssh.com', u'umac-64@openssh.com', u'umac-128@openssh.com', u'hmac-sha2-256', u'hmac-sha2-512', u'hmac-sha1'] client compress:[u'none', u'zlib@openssh.com'] server compress:[u'none', u'zlib@openssh.com'] client lang:[u''] server lang:[u''] kex follows?False
DEB [20180718-15:08:08.164] thr=1   paramiko.transport: Kex agreed: ecdh-sha2-nistp256
DEB [20180718-15:08:08.165] thr=1   paramiko.transport: HostKey agreed: ecdsa-sha2-nistp256
DEB [20180718-15:08:08.165] thr=1   paramiko.transport: Cipher agreed: aes128-ctr
DEB [20180718-15:08:08.165] thr=1   paramiko.transport: MAC agreed: hmac-sha2-256
DEB [20180718-15:08:08.165] thr=1   paramiko.transport: Compression agreed: none
DEB [20180718-15:08:08.170] thr=1   paramiko.transport: kex engine KexNistp256 specified hash_algo <built-in function openssl_sha256>
DEB [20180718-15:08:08.171] thr=1   paramiko.transport: Switch to new keys ...
DEB [20180718-15:08:08.176] thr=1   paramiko.transport: Remote version/idstring: SSH-2.0-OpenSSH_7.6p1 Ubuntu-4
INF [20180718-15:08:08.176] thr=1   paramiko.transport: Connected (version 2.0, client OpenSSH_7.6p1)
DEB [20180718-15:08:08.178] thr=1   paramiko.transport: kex algos:[u'curve25519-sha256', u'curve25519-sha256@libssh.org', u'ecdh-sha2-nistp256', u'ecdh-sha2-nistp384', u'ecdh-sha2-nistp521', u'diffie-hellman-group-exchange-sha256', u'diffie-hellman-group16-sha512', u'diffie-hellman-group18-sha512', u'diffie-hellman-group14-sha256', u'diffie-hellman-group14-sha1'] server key:[u'ssh-rsa', u'rsa-sha2-512', u'rsa-sha2-256', u'ecdsa-sha2-nistp256', u'ssh-ed25519'] client encrypt:[u'chacha20-poly1305@openssh.com', u'aes128-ctr', u'aes192-ctr', u'aes256-ctr', u'aes128-gcm@openssh.com', u'aes256-gcm@openssh.com'] server encrypt:[u'chacha20-poly1305@openssh.com', u'aes128-ctr', u'aes192-ctr', u'aes256-ctr', u'aes128-gcm@openssh.com', u'aes256-gcm@openssh.com'] client mac:[u'umac-64-etm@openssh.com', u'umac-128-etm@openssh.com', u'hmac-sha2-256-etm@openssh.com', u'hmac-sha2-512-etm@openssh.com', u'hmac-sha1-etm@openssh.com', u'umac-64@openssh.com', u'umac-128@openssh.com', u'hmac-sha2-256', u'hmac-sha2-512', u'hmac-sha1'] server mac:[u'umac-64-etm@openssh.com', u'umac-128-etm@openssh.com', u'hmac-sha2-256-etm@openssh.com', u'hmac-sha2-512-etm@openssh.com', u'hmac-sha1-etm@openssh.com', u'umac-64@openssh.com', u'umac-128@openssh.com', u'hmac-sha2-256', u'hmac-sha2-512', u'hmac-sha1'] client compress:[u'none', u'zlib@openssh.com'] server compress:[u'none', u'zlib@openssh.com'] client lang:[u''] server lang:[u''] kex follows?False
DEB [20180718-15:08:08.179] thr=1   paramiko.transport: Kex agreed: ecdh-sha2-nistp256
DEB [20180718-15:08:08.179] thr=1   paramiko.transport: HostKey agreed: ecdsa-sha2-nistp256
DEB [20180718-15:08:08.179] thr=1   paramiko.transport: Cipher agreed: aes128-ctr
DEB [20180718-15:08:08.180] thr=1   paramiko.transport: MAC agreed: hmac-sha2-256
DEB [20180718-15:08:08.180] thr=1   paramiko.transport: Compression agreed: none
DEB [20180718-15:08:08.186] thr=1   paramiko.transport: kex engine KexNistp256 specified hash_algo <built-in function openssl_sha256>
DEB [20180718-15:08:08.187] thr=1   paramiko.transport: Switch to new keys ...
DEB [20180718-15:08:08.201] thr=1   paramiko.transport: kex engine KexNistp256 specified hash_algo <built-in function openssl_sha256>
DEB [20180718-15:08:08.202] thr=1   paramiko.transport: Switch to new keys ...
DEB [20180718-15:08:08.202] thr=1   paramiko.transport: kex engine KexNistp256 specified hash_algo <built-in function openssl_sha256>
DEB [20180718-15:08:08.203] thr=1   paramiko.transport: Switch to new keys ...
DEB [20180718-15:08:08.215] thr=1   paramiko.transport: userauth is OK
DEB [20180718-15:08:08.229] thr=1   paramiko.transport: userauth is OK
DEB [20180718-15:08:08.247] thr=1   paramiko.transport: userauth is OK
DEB [20180718-15:08:08.247] thr=1   paramiko.transport: userauth is OK
INF [20180718-15:08:08.262] thr=1   paramiko.transport: Authentication (password) successful!
INF [20180718-15:08:08.262] thr=1   paramiko.transport: Authentication (password) successful!
INF [20180718-15:08:08.266] thr=1   paramiko.transport: Authentication (password) successful!
DEB [20180718-15:08:08.272] thr=2   paramiko.transport: [chan 0] Max packet in: 32768 bytes
DEB [20180718-15:08:08.273] thr=2   paramiko.transport: [chan 0] Max packet in: 32768 bytes
DEB [20180718-15:08:08.274] thr=2   paramiko.transport: [chan 0] Max packet in: 32768 bytes
INF [20180718-15:08:08.278] thr=1   paramiko.transport: Authentication (password) successful!
DEB [20180718-15:08:08.308] thr=2   paramiko.transport: [chan 0] Max packet in: 32768 bytes
DEB [20180718-15:08:08.325] thr=1   paramiko.transport: Received global request "hostkeys-00@openssh.com"
DEB [20180718-15:08:08.325] thr=1   paramiko.transport: Rejecting "hostkeys-00@openssh.com" global request from server.
DEB [20180718-15:08:08.326] thr=1   paramiko.transport: [chan 0] Max packet out: 32768 bytes
DEB [20180718-15:08:08.326] thr=1   paramiko.transport: Secsh channel 0 opened.
DEB [20180718-15:08:08.327] thr=1   paramiko.transport: Received global request "hostkeys-00@openssh.com"
DEB [20180718-15:08:08.327] thr=1   paramiko.transport: Rejecting "hostkeys-00@openssh.com" global request from server.
DEB [20180718-15:08:08.328] thr=1   paramiko.transport: [chan 0] Max packet out: 32768 bytes
DEB [20180718-15:08:08.328] thr=1   paramiko.transport: Secsh channel 0 opened.
DEB [20180718-15:08:08.342] thr=1   paramiko.transport: [chan 0] Sesch channel 0 request ok
DEB [20180718-15:08:08.343] thr=1   paramiko.transport: [chan 0] Sesch channel 0 request ok
DEB [20180718-15:08:08.868] thr=1   paramiko.transport: Received global request "hostkeys-00@openssh.com"
DEB [20180718-15:08:08.869] thr=1   paramiko.transport: Rejecting "hostkeys-00@openssh.com" global request from server.
DEB [20180718-15:08:08.869] thr=1   paramiko.transport: Received global request "hostkeys-00@openssh.com"
DEB [20180718-15:08:08.869] thr=1   paramiko.transport: Rejecting "hostkeys-00@openssh.com" global request from server.
DEB [20180718-15:08:08.872] thr=1   paramiko.transport: [chan 0] Max packet out: 32768 bytes
DEB [20180718-15:08:08.872] thr=1   paramiko.transport: Secsh channel 0 opened.
DEB [20180718-15:08:08.873] thr=1   paramiko.transport: [chan 0] Max packet out: 32768 bytes
DEB [20180718-15:08:08.873] thr=1   paramiko.transport: Secsh channel 0 opened.
DEB [20180718-15:08:08.883] thr=1   paramiko.transport: [chan 0] Sesch channel 0 request ok
DEB [20180718-15:08:08.883] thr=1   paramiko.transport: [chan 0] Sesch channel 0 request ok
DEB [20180718-15:12:08.445] thr=1   paramiko.transport: [chan 0] EOF received (0)
DEB [20180718-15:12:08.452] thr=1   paramiko.transport: [chan 0] EOF received (0)
DEB [20180718-15:12:09.047] thr=1   paramiko.transport: [chan 0] EOF received (0)
DEB [20180718-15:12:09.048] thr=1   paramiko.transport: [chan 0] EOF sent (0)
DEB [20180718-15:12:09.049] thr=1   paramiko.transport: Dropping user packet because connection is dead.
DEB [20180718-15:12:09.049] thr=1   paramiko.transport: Dropping user packet because connection is dead.
DEB [20180718-15:12:09.117] thr=1   paramiko.transport: [chan 0] EOF received (0)
DEB [20180718-15:12:09.118] thr=1   paramiko.transport: [chan 0] EOF sent (0)
DEB [20180718-15:12:09.119] thr=1   paramiko.transport: EOF in transport thread
DEB [20180718-17:15:39.826] thr=1   paramiko.transport: starting thread (client mode): 0x13182a10L
DEB [20180718-17:15:39.826] thr=1   paramiko.transport: starting thread (client mode): 0x13182c90L
DEB [20180718-17:15:39.827] thr=1   paramiko.transport: Local version/idstring: SSH-2.0-paramiko_2.4.0
DEB [20180718-17:15:39.827] thr=1   paramiko.transport: Local version/idstring: SSH-2.0-paramiko_2.4.0
DEB [20180718-17:15:39.833] thr=1   paramiko.transport: Remote version/idstring: SSH-2.0-OpenSSH_7.2p2 Ubuntu-4ubuntu2.4
INF [20180718-17:15:39.834] thr=1   paramiko.transport: Connected (version 2.0, client OpenSSH_7.2p2)
DEB [20180718-17:15:39.834] thr=1   paramiko.transport: Remote version/idstring: SSH-2.0-OpenSSH_7.2p2 Ubuntu-4ubuntu2.4
INF [20180718-17:15:39.834] thr=1   paramiko.transport: Connected (version 2.0, client OpenSSH_7.2p2)
DEB [20180718-17:15:39.835] thr=1   paramiko.transport: kex algos:[u'curve25519-sha256@libssh.org', u'ecdh-sha2-nistp256', u'ecdh-sha2-nistp384', u'ecdh-sha2-nistp521', u'diffie-hellman-group-exchange-sha256', u'diffie-hellman-group14-sha1'] server key:[u'ssh-rsa', u'rsa-sha2-512', u'rsa-sha2-256', u'ecdsa-sha2-nistp256', u'ssh-ed25519'] client encrypt:[u'chacha20-poly1305@openssh.com', u'aes128-ctr', u'aes192-ctr', u'aes256-ctr', u'aes128-gcm@openssh.com', u'aes256-gcm@openssh.com'] server encrypt:[u'chacha20-poly1305@openssh.com', u'aes128-ctr', u'aes192-ctr', u'aes256-ctr', u'aes128-gcm@openssh.com', u'aes256-gcm@openssh.com'] client mac:[u'umac-64-etm@openssh.com', u'umac-128-etm@openssh.com', u'hmac-sha2-256-etm@openssh.com', u'hmac-sha2-512-etm@openssh.com', u'hmac-sha1-etm@openssh.com', u'umac-64@openssh.com', u'umac-128@openssh.com', u'hmac-sha2-256', u'hmac-sha2-512', u'hmac-sha1'] server mac:[u'umac-64-etm@openssh.com', u'umac-128-etm@openssh.com', u'hmac-sha2-256-etm@openssh.com', u'hmac-sha2-512-etm@openssh.com', u'hmac-sha1-etm@openssh.com', u'umac-64@openssh.com', u'umac-128@openssh.com', u'hmac-sha2-256', u'hmac-sha2-512', u'hmac-sha1'] client compress:[u'none', u'zlib@openssh.com'] server compress:[u'none', u'zlib@openssh.com'] client lang:[u''] server lang:[u''] kex follows?False
DEB [20180718-17:15:39.835] thr=1   paramiko.transport: Kex agreed: ecdh-sha2-nistp256
DEB [20180718-17:15:39.835] thr=1   paramiko.transport: kex algos:[u'curve25519-sha256@libssh.org', u'ecdh-sha2-nistp256', u'ecdh-sha2-nistp384', u'ecdh-sha2-nistp521', u'diffie-hellman-group-exchange-sha256', u'diffie-hellman-group14-sha1'] server key:[u'ssh-rsa', u'rsa-sha2-512', u'rsa-sha2-256', u'ecdsa-sha2-nistp256', u'ssh-ed25519'] client encrypt:[u'chacha20-poly1305@openssh.com', u'aes128-ctr', u'aes192-ctr', u'aes256-ctr', u'aes128-gcm@openssh.com', u'aes256-gcm@openssh.com'] server encrypt:[u'chacha20-poly1305@openssh.com', u'aes128-ctr', u'aes192-ctr', u'aes256-ctr', u'aes128-gcm@openssh.com', u'aes256-gcm@openssh.com'] client mac:[u'umac-64-etm@openssh.com', u'umac-128-etm@openssh.com', u'hmac-sha2-256-etm@openssh.com', u'hmac-sha2-512-etm@openssh.com', u'hmac-sha1-etm@openssh.com', u'umac-64@openssh.com', u'umac-128@openssh.com', u'hmac-sha2-256', u'hmac-sha2-512', u'hmac-sha1'] server mac:[u'umac-64-etm@openssh.com', u'umac-128-etm@openssh.com', u'hmac-sha2-256-etm@openssh.com', u'hmac-sha2-512-etm@openssh.com', u'hmac-sha1-etm@openssh.com', u'umac-64@openssh.com', u'umac-128@openssh.com', u'hmac-sha2-256', u'hmac-sha2-512', u'hmac-sha1'] client compress:[u'none', u'zlib@openssh.com'] server compress:[u'none', u'zlib@openssh.com'] client lang:[u''] server lang:[u''] kex follows?False
DEB [20180718-17:15:39.835] thr=1   paramiko.transport: HostKey agreed: ecdsa-sha2-nistp256
DEB [20180718-17:15:39.835] thr=1   paramiko.transport: Cipher agreed: aes128-ctr
DEB [20180718-17:15:39.835] thr=1   paramiko.transport: Kex agreed: ecdh-sha2-nistp256
DEB [20180718-17:15:39.836] thr=1   paramiko.transport: MAC agreed: hmac-sha2-256
DEB [20180718-17:15:39.836] thr=1   paramiko.transport: HostKey agreed: ecdsa-sha2-nistp256
DEB [20180718-17:15:39.836] thr=1   paramiko.transport: Compression agreed: none
DEB [20180718-17:15:39.836] thr=1   paramiko.transport: Cipher agreed: aes128-ctr
DEB [20180718-17:15:39.836] thr=1   paramiko.transport: MAC agreed: hmac-sha2-256
DEB [20180718-17:15:39.836] thr=1   paramiko.transport: Compression agreed: none
DEB [20180718-17:15:39.881] thr=1   paramiko.transport: kex engine KexNistp256 specified hash_algo <built-in function openssl_sha256>
DEB [20180718-17:15:39.882] thr=1   paramiko.transport: Switch to new keys ...
DEB [20180718-17:15:39.883] thr=1   paramiko.transport: kex engine KexNistp256 specified hash_algo <built-in function openssl_sha256>
DEB [20180718-17:15:39.884] thr=1   paramiko.transport: Switch to new keys ...
DEB [20180718-17:15:39.928] thr=1   paramiko.transport: userauth is OK
DEB [20180718-17:15:39.930] thr=1   paramiko.transport: userauth is OK
INF [20180718-17:15:39.947] thr=1   paramiko.transport: Authentication (password) successful!
INF [20180718-17:15:39.948] thr=1   paramiko.transport: Authentication (password) successful!
DEB [20180718-17:15:39.962] thr=2   paramiko.transport: [chan 0] Max packet in: 32768 bytes
DEB [20180718-17:15:39.962] thr=2   paramiko.transport: [chan 0] Max packet in: 32768 bytes
DEB [20180718-17:15:40.010] thr=1   paramiko.transport: Received global request "hostkeys-00@openssh.com"
DEB [20180718-17:15:40.010] thr=1   paramiko.transport: Rejecting "hostkeys-00@openssh.com" global request from server.
DEB [20180718-17:15:40.011] thr=1   paramiko.transport: [chan 0] Max packet out: 32768 bytes
DEB [20180718-17:15:40.011] thr=1   paramiko.transport: Secsh channel 0 opened.
DEB [20180718-17:15:40.021] thr=1   paramiko.transport: Received global request "hostkeys-00@openssh.com"
DEB [20180718-17:15:40.021] thr=1   paramiko.transport: Rejecting "hostkeys-00@openssh.com" global request from server.
DEB [20180718-17:15:40.022] thr=1   paramiko.transport: [chan 0] Max packet out: 32768 bytes
DEB [20180718-17:15:40.022] thr=1   paramiko.transport: Secsh channel 0 opened.
DEB [20180718-17:15:40.030] thr=1   paramiko.transport: [chan 0] Sesch channel 0 request ok
DEB [20180718-17:15:40.030] thr=1   paramiko.transport: [chan 0] Sesch channel 0 request ok
DEB [20180718-17:19:40.091] thr=1   paramiko.transport: [chan 0] EOF received (0)
DEB [20180718-17:19:40.092] thr=1   paramiko.transport: EOF in transport thread
DEB [20180718-17:19:40.132] thr=1   paramiko.transport: [chan 0] EOF received (0)
DEB [20180718-17:23:08.365] thr=1   paramiko.transport: starting thread (client mode): 0x1158d9d0L
DEB [20180718-17:23:08.367] thr=1   paramiko.transport: starting thread (client mode): 0x1158dad0L
DEB [20180718-17:23:08.366] thr=1   paramiko.transport: starting thread (client mode): 0x1158da50L
DEB [20180718-17:23:08.373] thr=1   paramiko.transport: Local version/idstring: SSH-2.0-paramiko_2.4.0
DEB [20180718-17:23:08.373] thr=1   paramiko.transport: Local version/idstring: SSH-2.0-paramiko_2.4.0
DEB [20180718-17:23:08.373] thr=1   paramiko.transport: Local version/idstring: SSH-2.0-paramiko_2.4.0
DEB [20180718-17:23:08.373] thr=1   paramiko.transport: Remote version/idstring: SSH-2.0-OpenSSH_7.2p2 Ubuntu-4ubuntu2.4
INF [20180718-17:23:08.374] thr=1   paramiko.transport: Connected (version 2.0, client OpenSSH_7.2p2)
DEB [20180718-17:23:08.375] thr=1   paramiko.transport: kex algos:[u'curve25519-sha256@libssh.org', u'ecdh-sha2-nistp256', u'ecdh-sha2-nistp384', u'ecdh-sha2-nistp521', u'diffie-hellman-group-exchange-sha256', u'diffie-hellman-group14-sha1'] server key:[u'ssh-rsa', u'rsa-sha2-512', u'rsa-sha2-256', u'ecdsa-sha2-nistp256', u'ssh-ed25519'] client encrypt:[u'chacha20-poly1305@openssh.com', u'aes128-ctr', u'aes192-ctr', u'aes256-ctr', u'aes128-gcm@openssh.com', u'aes256-gcm@openssh.com'] server encrypt:[u'chacha20-poly1305@openssh.com', u'aes128-ctr', u'aes192-ctr', u'aes256-ctr', u'aes128-gcm@openssh.com', u'aes256-gcm@openssh.com'] client mac:[u'umac-64-etm@openssh.com', u'umac-128-etm@openssh.com', u'hmac-sha2-256-etm@openssh.com', u'hmac-sha2-512-etm@openssh.com', u'hmac-sha1-etm@openssh.com', u'umac-64@openssh.com', u'umac-128@openssh.com', u'hmac-sha2-256', u'hmac-sha2-512', u'hmac-sha1'] server mac:[u'umac-64-etm@openssh.com', u'umac-128-etm@openssh.com', u'hmac-sha2-256-etm@openssh.com', u'hmac-sha2-512-etm@openssh.com', u'hmac-sha1-etm@openssh.com', u'umac-64@openssh.com', u'umac-128@openssh.com', u'hmac-sha2-256', u'hmac-sha2-512', u'hmac-sha1'] client compress:[u'none', u'zlib@openssh.com'] server compress:[u'none', u'zlib@openssh.com'] client lang:[u''] server lang:[u''] kex follows?False
DEB [20180718-17:23:08.375] thr=1   paramiko.transport: Remote version/idstring: SSH-2.0-OpenSSH_7.2p2 Ubuntu-4ubuntu2.4
DEB [20180718-17:23:08.375] thr=1   paramiko.transport: Kex agreed: ecdh-sha2-nistp256
INF [20180718-17:23:08.376] thr=1   paramiko.transport: Connected (version 2.0, client OpenSSH_7.2p2)
DEB [20180718-17:23:08.376] thr=1   paramiko.transport: Remote version/idstring: SSH-2.0-OpenSSH_7.2p2 Ubuntu-4ubuntu2.4
DEB [20180718-17:23:08.376] thr=1   paramiko.transport: HostKey agreed: ecdsa-sha2-nistp256
INF [20180718-17:23:08.376] thr=1   paramiko.transport: Connected (version 2.0, client OpenSSH_7.2p2)
DEB [20180718-17:23:08.376] thr=1   paramiko.transport: Cipher agreed: aes128-ctr
DEB [20180718-17:23:08.377] thr=1   paramiko.transport: MAC agreed: hmac-sha2-256
DEB [20180718-17:23:08.377] thr=1   paramiko.transport: kex algos:[u'curve25519-sha256@libssh.org', u'ecdh-sha2-nistp256', u'ecdh-sha2-nistp384', u'ecdh-sha2-nistp521', u'diffie-hellman-group-exchange-sha256', u'diffie-hellman-group14-sha1'] server key:[u'ssh-rsa', u'rsa-sha2-512', u'rsa-sha2-256', u'ecdsa-sha2-nistp256', u'ssh-ed25519'] client encrypt:[u'chacha20-poly1305@openssh.com', u'aes128-ctr', u'aes192-ctr', u'aes256-ctr', u'aes128-gcm@openssh.com', u'aes256-gcm@openssh.com'] server encrypt:[u'chacha20-poly1305@openssh.com', u'aes128-ctr', u'aes192-ctr', u'aes256-ctr', u'aes128-gcm@openssh.com', u'aes256-gcm@openssh.com'] client mac:[u'umac-64-etm@openssh.com', u'umac-128-etm@openssh.com', u'hmac-sha2-256-etm@openssh.com', u'hmac-sha2-512-etm@openssh.com', u'hmac-sha1-etm@openssh.com', u'umac-64@openssh.com', u'umac-128@openssh.com', u'hmac-sha2-256', u'hmac-sha2-512', u'hmac-sha1'] server mac:[u'umac-64-etm@openssh.com', u'umac-128-etm@openssh.com', u'hmac-sha2-256-etm@openssh.com', u'hmac-sha2-512-etm@openssh.com', u'hmac-sha1-etm@openssh.com', u'umac-64@openssh.com', u'umac-128@openssh.com', u'hmac-sha2-256', u'hmac-sha2-512', u'hmac-sha1'] client compress:[u'none', u'zlib@openssh.com'] server compress:[u'none', u'zlib@openssh.com'] client lang:[u''] server lang:[u''] kex follows?False
DEB [20180718-17:23:08.377] thr=1   paramiko.transport: Compression agreed: none
DEB [20180718-17:23:08.377] thr=1   paramiko.transport: Kex agreed: ecdh-sha2-nistp256
DEB [20180718-17:23:08.378] thr=1   paramiko.transport: kex algos:[u'curve25519-sha256@libssh.org', u'ecdh-sha2-nistp256', u'ecdh-sha2-nistp384', u'ecdh-sha2-nistp521', u'diffie-hellman-group-exchange-sha256', u'diffie-hellman-group14-sha1'] server key:[u'ssh-rsa', u'rsa-sha2-512', u'rsa-sha2-256', u'ecdsa-sha2-nistp256', u'ssh-ed25519'] client encrypt:[u'chacha20-poly1305@openssh.com', u'aes128-ctr', u'aes192-ctr', u'aes256-ctr', u'aes128-gcm@openssh.com', u'aes256-gcm@openssh.com'] server encrypt:[u'chacha20-poly1305@openssh.com', u'aes128-ctr', u'aes192-ctr', u'aes256-ctr', u'aes128-gcm@openssh.com', u'aes256-gcm@openssh.com'] client mac:[u'umac-64-etm@openssh.com', u'umac-128-etm@openssh.com', u'hmac-sha2-256-etm@openssh.com', u'hmac-sha2-512-etm@openssh.com', u'hmac-sha1-etm@openssh.com', u'umac-64@openssh.com', u'umac-128@openssh.com', u'hmac-sha2-256', u'hmac-sha2-512', u'hmac-sha1'] server mac:[u'umac-64-etm@openssh.com', u'umac-128-etm@openssh.com', u'hmac-sha2-256-etm@openssh.com', u'hmac-sha2-512-etm@openssh.com', u'hmac-sha1-etm@openssh.com', u'umac-64@openssh.com', u'umac-128@openssh.com', u'hmac-sha2-256', u'hmac-sha2-512', u'hmac-sha1'] client compress:[u'none', u'zlib@openssh.com'] server compress:[u'none', u'zlib@openssh.com'] client lang:[u''] server lang:[u''] kex follows?False
DEB [20180718-17:23:08.378] thr=1   paramiko.transport: HostKey agreed: ecdsa-sha2-nistp256
DEB [20180718-17:23:08.378] thr=1   paramiko.transport: Kex agreed: ecdh-sha2-nistp256
DEB [20180718-17:23:08.378] thr=1   paramiko.transport: Cipher agreed: aes128-ctr
DEB [20180718-17:23:08.378] thr=1   paramiko.transport: HostKey agreed: ecdsa-sha2-nistp256
DEB [20180718-17:23:08.379] thr=1   paramiko.transport: MAC agreed: hmac-sha2-256
DEB [20180718-17:23:08.379] thr=1   paramiko.transport: Cipher agreed: aes128-ctr
DEB [20180718-17:23:08.379] thr=1   paramiko.transport: Compression agreed: none
DEB [20180718-17:23:08.379] thr=1   paramiko.transport: MAC agreed: hmac-sha2-256
DEB [20180718-17:23:08.379] thr=1   paramiko.transport: Compression agreed: none
DEB [20180718-17:23:08.424] thr=1   paramiko.transport: kex engine KexNistp256 specified hash_algo <built-in function openssl_sha256>
DEB [20180718-17:23:08.425] thr=1   paramiko.transport: Switch to new keys ...
DEB [20180718-17:23:08.426] thr=1   paramiko.transport: kex engine KexNistp256 specified hash_algo <built-in function openssl_sha256>
DEB [20180718-17:23:08.427] thr=1   paramiko.transport: Switch to new keys ...
DEB [20180718-17:23:08.428] thr=1   paramiko.transport: kex engine KexNistp256 specified hash_algo <built-in function openssl_sha256>
DEB [20180718-17:23:08.429] thr=1   paramiko.transport: Switch to new keys ...
DEB [20180718-17:23:08.466] thr=1   paramiko.transport: userauth is OK
DEB [20180718-17:23:08.469] thr=1   paramiko.transport: userauth is OK
DEB [20180718-17:23:08.470] thr=1   paramiko.transport: userauth is OK
INF [20180718-17:23:08.487] thr=1   paramiko.transport: Authentication (password) successful!
INF [20180718-17:23:08.493] thr=1   paramiko.transport: Authentication (password) successful!
INF [20180718-17:23:08.493] thr=1   paramiko.transport: Authentication (password) successful!
DEB [20180718-17:23:08.500] thr=2   paramiko.transport: [chan 0] Max packet in: 32768 bytes
DEB [20180718-17:23:08.500] thr=2   paramiko.transport: [chan 0] Max packet in: 32768 bytes
DEB [20180718-17:23:08.501] thr=2   paramiko.transport: [chan 0] Max packet in: 32768 bytes
DEB [20180718-17:23:08.583] thr=1   paramiko.transport: Received global request "hostkeys-00@openssh.com"
DEB [20180718-17:23:08.583] thr=1   paramiko.transport: Rejecting "hostkeys-00@openssh.com" global request from server.
DEB [20180718-17:23:08.583] thr=1   paramiko.transport: [chan 0] Max packet out: 32768 bytes
DEB [20180718-17:23:08.584] thr=1   paramiko.transport: Secsh channel 0 opened.
DEB [20180718-17:23:08.602] thr=1   paramiko.transport: [chan 0] Sesch channel 0 request ok
DEB [20180718-17:23:08.607] thr=1   paramiko.transport: EOF in transport thread
DEB [20180718-17:23:08.787] thr=1   paramiko.transport: Received global request "hostkeys-00@openssh.com"
DEB [20180718-17:23:08.788] thr=1   paramiko.transport: Rejecting "hostkeys-00@openssh.com" global request from server.
DEB [20180718-17:23:08.788] thr=1   paramiko.transport: [chan 0] Max packet out: 32768 bytes
DEB [20180718-17:23:08.788] thr=1   paramiko.transport: Secsh channel 0 opened.
DEB [20180718-17:23:08.804] thr=1   paramiko.transport: [chan 0] Sesch channel 0 request ok
DEB [20180718-17:23:08.841] thr=1   paramiko.transport: Received global request "hostkeys-00@openssh.com"
DEB [20180718-17:23:08.841] thr=1   paramiko.transport: Rejecting "hostkeys-00@openssh.com" global request from server.
DEB [20180718-17:23:08.842] thr=1   paramiko.transport: [chan 0] Max packet out: 32768 bytes
DEB [20180718-17:23:08.842] thr=1   paramiko.transport: Secsh channel 0 opened.
DEB [20180718-17:23:08.868] thr=1   paramiko.transport: [chan 0] Sesch channel 0 request ok
DEB [20180718-17:23:08.884] thr=1   paramiko.transport: EOF in transport thread
DEB [20180718-17:23:18.938] thr=1   paramiko.transport: starting thread (client mode): 0x1158d9d0L
DEB [20180718-17:23:18.938] thr=1   paramiko.transport: starting thread (client mode): 0x1158da50L
DEB [20180718-17:23:18.938] thr=1   paramiko.transport: Local version/idstring: SSH-2.0-paramiko_2.4.0
DEB [20180718-17:23:18.939] thr=1   paramiko.transport: Local version/idstring: SSH-2.0-paramiko_2.4.0
DEB [20180718-17:23:18.941] thr=1   paramiko.transport: starting thread (client mode): 0x1158dad0L
DEB [20180718-17:23:18.941] thr=1   paramiko.transport: Local version/idstring: SSH-2.0-paramiko_2.4.0
DEB [20180718-17:23:18.941] thr=1   paramiko.transport: starting thread (client mode): 0x1158db50L
DEB [20180718-17:23:18.942] thr=1   paramiko.transport: Local version/idstring: SSH-2.0-paramiko_2.4.0
DEB [20180718-17:23:18.947] thr=1   paramiko.transport: Remote version/idstring: SSH-2.0-OpenSSH_7.2p2 Ubuntu-4ubuntu2.4
INF [20180718-17:23:18.947] thr=1   paramiko.transport: Connected (version 2.0, client OpenSSH_7.2p2)
DEB [20180718-17:23:18.948] thr=1   paramiko.transport: Remote version/idstring: SSH-2.0-OpenSSH_7.2p2 Ubuntu-4ubuntu2.4
INF [20180718-17:23:18.948] thr=1   paramiko.transport: Connected (version 2.0, client OpenSSH_7.2p2)
DEB [20180718-17:23:18.948] thr=1   paramiko.transport: kex algos:[u'curve25519-sha256@libssh.org', u'ecdh-sha2-nistp256', u'ecdh-sha2-nistp384', u'ecdh-sha2-nistp521', u'diffie-hellman-group-exchange-sha256', u'diffie-hellman-group14-sha1'] server key:[u'ssh-rsa', u'rsa-sha2-512', u'rsa-sha2-256', u'ecdsa-sha2-nistp256', u'ssh-ed25519'] client encrypt:[u'chacha20-poly1305@openssh.com', u'aes128-ctr', u'aes192-ctr', u'aes256-ctr', u'aes128-gcm@openssh.com', u'aes256-gcm@openssh.com'] server encrypt:[u'chacha20-poly1305@openssh.com', u'aes128-ctr', u'aes192-ctr', u'aes256-ctr', u'aes128-gcm@openssh.com', u'aes256-gcm@openssh.com'] client mac:[u'umac-64-etm@openssh.com', u'umac-128-etm@openssh.com', u'hmac-sha2-256-etm@openssh.com', u'hmac-sha2-512-etm@openssh.com', u'hmac-sha1-etm@openssh.com', u'umac-64@openssh.com', u'umac-128@openssh.com', u'hmac-sha2-256', u'hmac-sha2-512', u'hmac-sha1'] server mac:[u'umac-64-etm@openssh.com', u'umac-128-etm@openssh.com', u'hmac-sha2-256-etm@openssh.com', u'hmac-sha2-512-etm@openssh.com', u'hmac-sha1-etm@openssh.com', u'umac-64@openssh.com', u'umac-128@openssh.com', u'hmac-sha2-256', u'hmac-sha2-512', u'hmac-sha1'] client compress:[u'none', u'zlib@openssh.com'] server compress:[u'none', u'zlib@openssh.com'] client lang:[u''] server lang:[u''] kex follows?False
DEB [20180718-17:23:18.949] thr=1   paramiko.transport: Kex agreed: ecdh-sha2-nistp256
DEB [20180718-17:23:18.949] thr=1   paramiko.transport: kex algos:[u'curve25519-sha256@libssh.org', u'ecdh-sha2-nistp256', u'ecdh-sha2-nistp384', u'ecdh-sha2-nistp521', u'diffie-hellman-group-exchange-sha256', u'diffie-hellman-group14-sha1'] server key:[u'ssh-rsa', u'rsa-sha2-512', u'rsa-sha2-256', u'ecdsa-sha2-nistp256', u'ssh-ed25519'] client encrypt:[u'chacha20-poly1305@openssh.com', u'aes128-ctr', u'aes192-ctr', u'aes256-ctr', u'aes128-gcm@openssh.com', u'aes256-gcm@openssh.com'] server encrypt:[u'chacha20-poly1305@openssh.com', u'aes128-ctr', u'aes192-ctr', u'aes256-ctr', u'aes128-gcm@openssh.com', u'aes256-gcm@openssh.com'] client mac:[u'umac-64-etm@openssh.com', u'umac-128-etm@openssh.com', u'hmac-sha2-256-etm@openssh.com', u'hmac-sha2-512-etm@openssh.com', u'hmac-sha1-etm@openssh.com', u'umac-64@openssh.com', u'umac-128@openssh.com', u'hmac-sha2-256', u'hmac-sha2-512', u'hmac-sha1'] server mac:[u'umac-64-etm@openssh.com', u'umac-128-etm@openssh.com', u'hmac-sha2-256-etm@openssh.com', u'hmac-sha2-512-etm@openssh.com', u'hmac-sha1-etm@openssh.com', u'umac-64@openssh.com', u'umac-128@openssh.com', u'hmac-sha2-256', u'hmac-sha2-512', u'hmac-sha1'] client compress:[u'none', u'zlib@openssh.com'] server compress:[u'none', u'zlib@openssh.com'] client lang:[u''] server lang:[u''] kex follows?False
DEB [20180718-17:23:18.949] thr=1   paramiko.transport: HostKey agreed: ecdsa-sha2-nistp256
DEB [20180718-17:23:18.949] thr=1   paramiko.transport: Kex agreed: ecdh-sha2-nistp256
DEB [20180718-17:23:18.949] thr=1   paramiko.transport: Cipher agreed: aes128-ctr
DEB [20180718-17:23:18.949] thr=1   paramiko.transport: HostKey agreed: ecdsa-sha2-nistp256
DEB [20180718-17:23:18.950] thr=1   paramiko.transport: MAC agreed: hmac-sha2-256
DEB [20180718-17:23:18.950] thr=1   paramiko.transport: Cipher agreed: aes128-ctr
DEB [20180718-17:23:18.950] thr=1   paramiko.transport: Compression agreed: none
DEB [20180718-17:23:18.950] thr=1   paramiko.transport: MAC agreed: hmac-sha2-256
DEB [20180718-17:23:18.950] thr=1   paramiko.transport: Compression agreed: none
DEB [20180718-17:23:18.950] thr=1   paramiko.transport: Remote version/idstring: SSH-2.0-OpenSSH_7.6p1 Ubuntu-4
INF [20180718-17:23:18.951] thr=1   paramiko.transport: Connected (version 2.0, client OpenSSH_7.6p1)
DEB [20180718-17:23:18.952] thr=1   paramiko.transport: kex algos:[u'curve25519-sha256', u'curve25519-sha256@libssh.org', u'ecdh-sha2-nistp256', u'ecdh-sha2-nistp384', u'ecdh-sha2-nistp521', u'diffie-hellman-group-exchange-sha256', u'diffie-hellman-group16-sha512', u'diffie-hellman-group18-sha512', u'diffie-hellman-group14-sha256', u'diffie-hellman-group14-sha1'] server key:[u'ssh-rsa', u'rsa-sha2-512', u'rsa-sha2-256', u'ecdsa-sha2-nistp256', u'ssh-ed25519'] client encrypt:[u'chacha20-poly1305@openssh.com', u'aes128-ctr', u'aes192-ctr', u'aes256-ctr', u'aes128-gcm@openssh.com', u'aes256-gcm@openssh.com'] server encrypt:[u'chacha20-poly1305@openssh.com', u'aes128-ctr', u'aes192-ctr', u'aes256-ctr', u'aes128-gcm@openssh.com', u'aes256-gcm@openssh.com'] client mac:[u'umac-64-etm@openssh.com', u'umac-128-etm@openssh.com', u'hmac-sha2-256-etm@openssh.com', u'hmac-sha2-512-etm@openssh.com', u'hmac-sha1-etm@openssh.com', u'umac-64@openssh.com', u'umac-128@openssh.com', u'hmac-sha2-256', u'hmac-sha2-512', u'hmac-sha1'] server mac:[u'umac-64-etm@openssh.com', u'umac-128-etm@openssh.com', u'hmac-sha2-256-etm@openssh.com', u'hmac-sha2-512-etm@openssh.com', u'hmac-sha1-etm@openssh.com', u'umac-64@openssh.com', u'umac-128@openssh.com', u'hmac-sha2-256', u'hmac-sha2-512', u'hmac-sha1'] client compress:[u'none', u'zlib@openssh.com'] server compress:[u'none', u'zlib@openssh.com'] client lang:[u''] server lang:[u''] kex follows?False
DEB [20180718-17:23:18.952] thr=1   paramiko.transport: Kex agreed: ecdh-sha2-nistp256
DEB [20180718-17:23:18.952] thr=1   paramiko.transport: HostKey agreed: ecdsa-sha2-nistp256
DEB [20180718-17:23:18.953] thr=1   paramiko.transport: Cipher agreed: aes128-ctr
DEB [20180718-17:23:18.953] thr=1   paramiko.transport: MAC agreed: hmac-sha2-256
DEB [20180718-17:23:18.953] thr=1   paramiko.transport: Compression agreed: none
DEB [20180718-17:23:18.957] thr=1   paramiko.transport: Remote version/idstring: SSH-2.0-OpenSSH_7.6p1 Ubuntu-4
INF [20180718-17:23:18.958] thr=1   paramiko.transport: Connected (version 2.0, client OpenSSH_7.6p1)
DEB [20180718-17:23:18.958] thr=1   paramiko.transport: kex algos:[u'curve25519-sha256', u'curve25519-sha256@libssh.org', u'ecdh-sha2-nistp256', u'ecdh-sha2-nistp384', u'ecdh-sha2-nistp521', u'diffie-hellman-group-exchange-sha256', u'diffie-hellman-group16-sha512', u'diffie-hellman-group18-sha512', u'diffie-hellman-group14-sha256', u'diffie-hellman-group14-sha1'] server key:[u'ssh-rsa', u'rsa-sha2-512', u'rsa-sha2-256', u'ecdsa-sha2-nistp256', u'ssh-ed25519'] client encrypt:[u'chacha20-poly1305@openssh.com', u'aes128-ctr', u'aes192-ctr', u'aes256-ctr', u'aes128-gcm@openssh.com', u'aes256-gcm@openssh.com'] server encrypt:[u'chacha20-poly1305@openssh.com', u'aes128-ctr', u'aes192-ctr', u'aes256-ctr', u'aes128-gcm@openssh.com', u'aes256-gcm@openssh.com'] client mac:[u'umac-64-etm@openssh.com', u'umac-128-etm@openssh.com', u'hmac-sha2-256-etm@openssh.com', u'hmac-sha2-512-etm@openssh.com', u'hmac-sha1-etm@openssh.com', u'umac-64@openssh.com', u'umac-128@openssh.com', u'hmac-sha2-256', u'hmac-sha2-512', u'hmac-sha1'] server mac:[u'umac-64-etm@openssh.com', u'umac-128-etm@openssh.com', u'hmac-sha2-256-etm@openssh.com', u'hmac-sha2-512-etm@openssh.com', u'hmac-sha1-etm@openssh.com', u'umac-64@openssh.com', u'umac-128@openssh.com', u'hmac-sha2-256', u'hmac-sha2-512', u'hmac-sha1'] client compress:[u'none', u'zlib@openssh.com'] server compress:[u'none', u'zlib@openssh.com'] client lang:[u''] server lang:[u''] kex follows?False
DEB [20180718-17:23:18.959] thr=1   paramiko.transport: Kex agreed: ecdh-sha2-nistp256
DEB [20180718-17:23:18.959] thr=1   paramiko.transport: HostKey agreed: ecdsa-sha2-nistp256
DEB [20180718-17:23:18.960] thr=1   paramiko.transport: Cipher agreed: aes128-ctr
DEB [20180718-17:23:18.960] thr=1   paramiko.transport: MAC agreed: hmac-sha2-256
DEB [20180718-17:23:18.960] thr=1   paramiko.transport: Compression agreed: none
DEB [20180718-17:23:18.994] thr=1   paramiko.transport: kex engine KexNistp256 specified hash_algo <built-in function openssl_sha256>
DEB [20180718-17:23:18.994] thr=1   paramiko.transport: Switch to new keys ...
DEB [20180718-17:23:18.996] thr=1   paramiko.transport: kex engine KexNistp256 specified hash_algo <built-in function openssl_sha256>
DEB [20180718-17:23:18.997] thr=1   paramiko.transport: Switch to new keys ...
DEB [20180718-17:23:18.999] thr=1   paramiko.transport: kex engine KexNistp256 specified hash_algo <built-in function openssl_sha256>
DEB [20180718-17:23:19.000] thr=1   paramiko.transport: Switch to new keys ...
DEB [20180718-17:23:19.006] thr=1   paramiko.transport: kex engine KexNistp256 specified hash_algo <built-in function openssl_sha256>
DEB [20180718-17:23:19.007] thr=1   paramiko.transport: Switch to new keys ...
DEB [20180718-17:23:19.040] thr=1   paramiko.transport: userauth is OK
DEB [20180718-17:23:19.041] thr=1   paramiko.transport: userauth is OK
DEB [20180718-17:23:19.044] thr=1   paramiko.transport: userauth is OK
DEB [20180718-17:23:19.051] thr=1   paramiko.transport: userauth is OK
INF [20180718-17:23:19.056] thr=1   paramiko.transport: Authentication (password) successful!
INF [20180718-17:23:19.056] thr=1   paramiko.transport: Authentication (password) successful!
DEB [20180718-17:23:19.074] thr=2   paramiko.transport: [chan 0] Max packet in: 32768 bytes
DEB [20180718-17:23:19.075] thr=2   paramiko.transport: [chan 0] Max packet in: 32768 bytes
INF [20180718-17:23:19.109] thr=1   paramiko.transport: Authentication (password) successful!
DEB [20180718-17:23:19.112] thr=1   paramiko.transport: Received global request "hostkeys-00@openssh.com"
DEB [20180718-17:23:19.112] thr=1   paramiko.transport: Received global request "hostkeys-00@openssh.com"
DEB [20180718-17:23:19.112] thr=1   paramiko.transport: Rejecting "hostkeys-00@openssh.com" global request from server.
DEB [20180718-17:23:19.112] thr=1   paramiko.transport: Rejecting "hostkeys-00@openssh.com" global request from server.
DEB [20180718-17:23:19.112] thr=2   paramiko.transport: [chan 0] Max packet in: 32768 bytes
DEB [20180718-17:23:19.113] thr=1   paramiko.transport: [chan 0] Max packet out: 32768 bytes
DEB [20180718-17:23:19.113] thr=1   paramiko.transport: [chan 0] Max packet out: 32768 bytes
DEB [20180718-17:23:19.113] thr=1   paramiko.transport: Secsh channel 0 opened.
DEB [20180718-17:23:19.113] thr=1   paramiko.transport: Secsh channel 0 opened.
INF [20180718-17:23:19.115] thr=1   paramiko.transport: Authentication (password) successful!
DEB [20180718-17:23:19.143] thr=2   paramiko.transport: [chan 0] Max packet in: 32768 bytes
DEB [20180718-17:23:19.144] thr=1   paramiko.transport: [chan 0] Sesch channel 0 request ok
DEB [20180718-17:23:19.144] thr=1   paramiko.transport: [chan 0] Sesch channel 0 request ok
DEB [20180718-17:23:20.089] thr=1   paramiko.transport: Received global request "hostkeys-00@openssh.com"
DEB [20180718-17:23:20.090] thr=1   paramiko.transport: Rejecting "hostkeys-00@openssh.com" global request from server.
DEB [20180718-17:23:20.092] thr=1   paramiko.transport: [chan 0] Max packet out: 32768 bytes
DEB [20180718-17:23:20.092] thr=1   paramiko.transport: Secsh channel 0 opened.
DEB [20180718-17:23:20.120] thr=1   paramiko.transport: [chan 0] Sesch channel 0 request ok
DEB [20180718-17:23:20.124] thr=1   paramiko.transport: Received global request "hostkeys-00@openssh.com"
DEB [20180718-17:23:20.125] thr=1   paramiko.transport: Rejecting "hostkeys-00@openssh.com" global request from server.
DEB [20180718-17:23:20.127] thr=1   paramiko.transport: [chan 0] Max packet out: 32768 bytes
DEB [20180718-17:23:20.127] thr=1   paramiko.transport: Secsh channel 0 opened.
DEB [20180718-17:23:20.139] thr=1   paramiko.transport: [chan 0] Sesch channel 0 request ok
DEB [20180718-17:27:19.247] thr=1   paramiko.transport: EOF in transport thread
DEB [20180718-17:27:19.253] thr=1   paramiko.transport: [chan 0] EOF received (0)
DEB [20180718-17:27:20.165] thr=1   paramiko.transport: [chan 0] EOF received (0)
DEB [20180718-17:27:20.166] thr=1   paramiko.transport: EOF in transport thread
DEB [20180718-17:27:20.246] thr=1   paramiko.transport: [chan 0] EOF received (0)
DEB [20180718-17:27:20.247] thr=1   paramiko.transport: EOF in transport thread
DEB [20180718-17:27:20.276] thr=1   paramiko.transport: starting thread (client mode): 0x1158db90L
DEB [20180718-17:27:20.276] thr=1   paramiko.transport: starting thread (client mode): 0x115836d0L
DEB [20180718-17:27:20.277] thr=1   paramiko.transport: Local version/idstring: SSH-2.0-paramiko_2.4.0
DEB [20180718-17:27:20.277] thr=1   paramiko.transport: Local version/idstring: SSH-2.0-paramiko_2.4.0
DEB [20180718-17:27:20.279] thr=1   paramiko.transport: starting thread (client mode): 0x1158dd50L
DEB [20180718-17:27:20.280] thr=1   paramiko.transport: Local version/idstring: SSH-2.0-paramiko_2.4.0
DEB [20180718-17:27:20.285] thr=1   paramiko.transport: Remote version/idstring: SSH-2.0-OpenSSH_7.2p2 Ubuntu-4ubuntu2.4
INF [20180718-17:27:20.286] thr=1   paramiko.transport: Connected (version 2.0, client OpenSSH_7.2p2)
DEB [20180718-17:27:20.286] thr=1   paramiko.transport: Remote version/idstring: SSH-2.0-OpenSSH_7.2p2 Ubuntu-4ubuntu2.4
INF [20180718-17:27:20.286] thr=1   paramiko.transport: Connected (version 2.0, client OpenSSH_7.2p2)
DEB [20180718-17:27:20.287] thr=1   paramiko.transport: kex algos:[u'curve25519-sha256@libssh.org', u'ecdh-sha2-nistp256', u'ecdh-sha2-nistp384', u'ecdh-sha2-nistp521', u'diffie-hellman-group-exchange-sha256', u'diffie-hellman-group14-sha1'] server key:[u'ssh-rsa', u'rsa-sha2-512', u'rsa-sha2-256', u'ecdsa-sha2-nistp256', u'ssh-ed25519'] client encrypt:[u'chacha20-poly1305@openssh.com', u'aes128-ctr', u'aes192-ctr', u'aes256-ctr', u'aes128-gcm@openssh.com', u'aes256-gcm@openssh.com'] server encrypt:[u'chacha20-poly1305@openssh.com', u'aes128-ctr', u'aes192-ctr', u'aes256-ctr', u'aes128-gcm@openssh.com', u'aes256-gcm@openssh.com'] client mac:[u'umac-64-etm@openssh.com', u'umac-128-etm@openssh.com', u'hmac-sha2-256-etm@openssh.com', u'hmac-sha2-512-etm@openssh.com', u'hmac-sha1-etm@openssh.com', u'umac-64@openssh.com', u'umac-128@openssh.com', u'hmac-sha2-256', u'hmac-sha2-512', u'hmac-sha1'] server mac:[u'umac-64-etm@openssh.com', u'umac-128-etm@openssh.com', u'hmac-sha2-256-etm@openssh.com', u'hmac-sha2-512-etm@openssh.com', u'hmac-sha1-etm@openssh.com', u'umac-64@openssh.com', u'umac-128@openssh.com', u'hmac-sha2-256', u'hmac-sha2-512', u'hmac-sha1'] client compress:[u'none', u'zlib@openssh.com'] server compress:[u'none', u'zlib@openssh.com'] client lang:[u''] server lang:[u''] kex follows?False
DEB [20180718-17:27:20.287] thr=1   paramiko.transport: Kex agreed: ecdh-sha2-nistp256
DEB [20180718-17:27:20.287] thr=1   paramiko.transport: kex algos:[u'curve25519-sha256@libssh.org', u'ecdh-sha2-nistp256', u'ecdh-sha2-nistp384', u'ecdh-sha2-nistp521', u'diffie-hellman-group-exchange-sha256', u'diffie-hellman-group14-sha1'] server key:[u'ssh-rsa', u'rsa-sha2-512', u'rsa-sha2-256', u'ecdsa-sha2-nistp256', u'ssh-ed25519'] client encrypt:[u'chacha20-poly1305@openssh.com', u'aes128-ctr', u'aes192-ctr', u'aes256-ctr', u'aes128-gcm@openssh.com', u'aes256-gcm@openssh.com'] server encrypt:[u'chacha20-poly1305@openssh.com', u'aes128-ctr', u'aes192-ctr', u'aes256-ctr', u'aes128-gcm@openssh.com', u'aes256-gcm@openssh.com'] client mac:[u'umac-64-etm@openssh.com', u'umac-128-etm@openssh.com', u'hmac-sha2-256-etm@openssh.com', u'hmac-sha2-512-etm@openssh.com', u'hmac-sha1-etm@openssh.com', u'umac-64@openssh.com', u'umac-128@openssh.com', u'hmac-sha2-256', u'hmac-sha2-512', u'hmac-sha1'] server mac:[u'umac-64-etm@openssh.com', u'umac-128-etm@openssh.com', u'hmac-sha2-256-etm@openssh.com', u'hmac-sha2-512-etm@openssh.com', u'hmac-sha1-etm@openssh.com', u'umac-64@openssh.com', u'umac-128@openssh.com', u'hmac-sha2-256', u'hmac-sha2-512', u'hmac-sha1'] client compress:[u'none', u'zlib@openssh.com'] server compress:[u'none', u'zlib@openssh.com'] client lang:[u''] server lang:[u''] kex follows?False
DEB [20180718-17:27:20.288] thr=1   paramiko.transport: HostKey agreed: ecdsa-sha2-nistp256
DEB [20180718-17:27:20.288] thr=1   paramiko.transport: Kex agreed: ecdh-sha2-nistp256
DEB [20180718-17:27:20.288] thr=1   paramiko.transport: Cipher agreed: aes128-ctr
DEB [20180718-17:27:20.288] thr=1   paramiko.transport: HostKey agreed: ecdsa-sha2-nistp256
DEB [20180718-17:27:20.288] thr=1   paramiko.transport: Remote version/idstring: SSH-2.0-OpenSSH_7.2p2 Ubuntu-4ubuntu2.4
DEB [20180718-17:27:20.289] thr=1   paramiko.transport: MAC agreed: hmac-sha2-256
DEB [20180718-17:27:20.289] thr=1   paramiko.transport: Cipher agreed: aes128-ctr
DEB [20180718-17:27:20.289] thr=1   paramiko.transport: Compression agreed: none
INF [20180718-17:27:20.289] thr=1   paramiko.transport: Connected (version 2.0, client OpenSSH_7.2p2)
DEB [20180718-17:27:20.289] thr=1   paramiko.transport: MAC agreed: hmac-sha2-256
DEB [20180718-17:27:20.290] thr=1   paramiko.transport: Compression agreed: none
DEB [20180718-17:27:20.291] thr=1   paramiko.transport: kex algos:[u'curve25519-sha256@libssh.org', u'ecdh-sha2-nistp256', u'ecdh-sha2-nistp384', u'ecdh-sha2-nistp521', u'diffie-hellman-group-exchange-sha256', u'diffie-hellman-group14-sha1'] server key:[u'ssh-rsa', u'rsa-sha2-512', u'rsa-sha2-256', u'ecdsa-sha2-nistp256', u'ssh-ed25519'] client encrypt:[u'chacha20-poly1305@openssh.com', u'aes128-ctr', u'aes192-ctr', u'aes256-ctr', u'aes128-gcm@openssh.com', u'aes256-gcm@openssh.com'] server encrypt:[u'chacha20-poly1305@openssh.com', u'aes128-ctr', u'aes192-ctr', u'aes256-ctr', u'aes128-gcm@openssh.com', u'aes256-gcm@openssh.com'] client mac:[u'umac-64-etm@openssh.com', u'umac-128-etm@openssh.com', u'hmac-sha2-256-etm@openssh.com', u'hmac-sha2-512-etm@openssh.com', u'hmac-sha1-etm@openssh.com', u'umac-64@openssh.com', u'umac-128@openssh.com', u'hmac-sha2-256', u'hmac-sha2-512', u'hmac-sha1'] server mac:[u'umac-64-etm@openssh.com', u'umac-128-etm@openssh.com', u'hmac-sha2-256-etm@openssh.com', u'hmac-sha2-512-etm@openssh.com', u'hmac-sha1-etm@openssh.com', u'umac-64@openssh.com', u'umac-128@openssh.com', u'hmac-sha2-256', u'hmac-sha2-512', u'hmac-sha1'] client compress:[u'none', u'zlib@openssh.com'] server compress:[u'none', u'zlib@openssh.com'] client lang:[u''] server lang:[u''] kex follows?False
DEB [20180718-17:27:20.291] thr=1   paramiko.transport: Kex agreed: ecdh-sha2-nistp256
DEB [20180718-17:27:20.291] thr=1   paramiko.transport: HostKey agreed: ecdsa-sha2-nistp256
DEB [20180718-17:27:20.292] thr=1   paramiko.transport: Cipher agreed: aes128-ctr
DEB [20180718-17:27:20.292] thr=1   paramiko.transport: MAC agreed: hmac-sha2-256
DEB [20180718-17:27:20.292] thr=1   paramiko.transport: Compression agreed: none
DEB [20180718-17:27:20.335] thr=1   paramiko.transport: kex engine KexNistp256 specified hash_algo <built-in function openssl_sha256>
DEB [20180718-17:27:20.335] thr=1   paramiko.transport: kex engine KexNistp256 specified hash_algo <built-in function openssl_sha256>
DEB [20180718-17:27:20.336] thr=1   paramiko.transport: Switch to new keys ...
DEB [20180718-17:27:20.336] thr=1   paramiko.transport: Switch to new keys ...
DEB [20180718-17:27:20.339] thr=1   paramiko.transport: kex engine KexNistp256 specified hash_algo <built-in function openssl_sha256>
DEB [20180718-17:27:20.340] thr=1   paramiko.transport: Switch to new keys ...
DEB [20180718-17:27:20.376] thr=1   paramiko.transport: userauth is OK
DEB [20180718-17:27:20.377] thr=1   paramiko.transport: userauth is OK
DEB [20180718-17:27:20.382] thr=1   paramiko.transport: userauth is OK
INF [20180718-17:27:20.397] thr=1   paramiko.transport: Authentication (password) successful!
INF [20180718-17:27:20.397] thr=1   paramiko.transport: Authentication (password) successful!
INF [20180718-17:27:20.402] thr=1   paramiko.transport: Authentication (password) successful!
DEB [20180718-17:27:20.409] thr=2   paramiko.transport: [chan 0] Max packet in: 32768 bytes
DEB [20180718-17:27:20.410] thr=2   paramiko.transport: [chan 0] Max packet in: 32768 bytes
DEB [20180718-17:27:20.412] thr=2   paramiko.transport: [chan 0] Max packet in: 32768 bytes
DEB [20180718-17:27:20.500] thr=1   paramiko.transport: Received global request "hostkeys-00@openssh.com"
DEB [20180718-17:27:20.501] thr=1   paramiko.transport: Rejecting "hostkeys-00@openssh.com" global request from server.
DEB [20180718-17:27:20.501] thr=1   paramiko.transport: [chan 0] Max packet out: 32768 bytes
DEB [20180718-17:27:20.502] thr=1   paramiko.transport: Secsh channel 0 opened.
DEB [20180718-17:27:20.504] thr=1   paramiko.transport: Received global request "hostkeys-00@openssh.com"
DEB [20180718-17:27:20.504] thr=1   paramiko.transport: Rejecting "hostkeys-00@openssh.com" global request from server.
DEB [20180718-17:27:20.505] thr=1   paramiko.transport: Received global request "hostkeys-00@openssh.com"
DEB [20180718-17:27:20.505] thr=1   paramiko.transport: [chan 0] Max packet out: 32768 bytes
DEB [20180718-17:27:20.505] thr=1   paramiko.transport: Rejecting "hostkeys-00@openssh.com" global request from server.
DEB [20180718-17:27:20.505] thr=1   paramiko.transport: Secsh channel 0 opened.
DEB [20180718-17:27:20.506] thr=1   paramiko.transport: [chan 0] Max packet out: 32768 bytes
DEB [20180718-17:27:20.506] thr=1   paramiko.transport: Secsh channel 0 opened.
DEB [20180718-17:27:20.512] thr=1   paramiko.transport: [chan 0] Sesch channel 0 request ok
DEB [20180718-17:27:20.513] thr=1   paramiko.transport: [chan 0] Sesch channel 0 request ok
DEB [20180718-17:27:20.514] thr=1   paramiko.transport: [chan 0] Sesch channel 0 request ok
DEB [20180718-17:27:20.530] thr=1   paramiko.transport: EOF in transport thread
DEB [20180718-17:27:20.530] thr=1   paramiko.transport: EOF in transport thread
DEB [20180718-17:27:20.533] thr=1   paramiko.transport: EOF in transport thread
